mode: set
github.com/kons77/room-bookings-app/internal/render/render.go:22.40,24.2 1 1
github.com/kons77/room-bookings-app/internal/render/render.go:27.84,33.2 5 1
github.com/kons77/room-bookings-app/internal/render/render.go:36.105,39.18 2 1
github.com/kons77/room-bookings-app/internal/render/render.go:39.18,42.3 1 0
github.com/kons77/room-bookings-app/internal/render/render.go:42.8,44.3 1 1
github.com/kons77/room-bookings-app/internal/render/render.go:47.2,48.9 2 1
github.com/kons77/room-bookings-app/internal/render/render.go:48.9,51.3 1 1
github.com/kons77/room-bookings-app/internal/render/render.go:53.2,62.16 5 1
github.com/kons77/room-bookings-app/internal/render/render.go:62.16,65.3 2 0
github.com/kons77/room-bookings-app/internal/render/render.go:67.2,67.12 1 1
github.com/kons77/room-bookings-app/internal/render/render.go:72.67,78.16 3 1
github.com/kons77/room-bookings-app/internal/render/render.go:78.16,80.3 1 0
github.com/kons77/room-bookings-app/internal/render/render.go:83.2,83.29 1 1
github.com/kons77/room-bookings-app/internal/render/render.go:83.29,88.17 3 1
github.com/kons77/room-bookings-app/internal/render/render.go:88.17,90.4 1 0
github.com/kons77/room-bookings-app/internal/render/render.go:92.3,93.17 2 1
github.com/kons77/room-bookings-app/internal/render/render.go:93.17,95.4 1 0
github.com/kons77/room-bookings-app/internal/render/render.go:97.3,97.23 1 1
github.com/kons77/room-bookings-app/internal/render/render.go:97.23,99.18 2 1
github.com/kons77/room-bookings-app/internal/render/render.go:99.18,101.5 1 0
github.com/kons77/room-bookings-app/internal/render/render.go:104.3,104.21 1 1
github.com/kons77/room-bookings-app/internal/render/render.go:107.2,107.21 1 1
