mode: set
github.com/kons77/room-bookings-app/internal/forms/errors.go:6.44,8.2 1 1
github.com/kons77/room-bookings-app/internal/forms/errors.go:11.42,13.18 2 1
github.com/kons77/room-bookings-app/internal/forms/errors.go:13.18,15.3 1 1
github.com/kons77/room-bookings-app/internal/forms/errors.go:17.2,17.14 1 1
github.com/kons77/room-bookings-app/internal/forms/forms.go:18.29,20.2 1 1
github.com/kons77/room-bookings-app/internal/forms/forms.go:23.33,29.2 1 1
github.com/kons77/room-bookings-app/internal/forms/forms.go:32.43,34.31 1 1
github.com/kons77/room-bookings-app/internal/forms/forms.go:34.31,36.37 2 1
github.com/kons77/room-bookings-app/internal/forms/forms.go:36.37,38.4 1 1
github.com/kons77/room-bookings-app/internal/forms/forms.go:43.39,50.2 2 1
github.com/kons77/room-bookings-app/internal/forms/forms.go:53.57,55.21 2 1
github.com/kons77/room-bookings-app/internal/forms/forms.go:55.21,58.3 2 1
github.com/kons77/room-bookings-app/internal/forms/forms.go:59.2,59.13 1 1
github.com/kons77/room-bookings-app/internal/forms/forms.go:63.38,64.40 1 1
github.com/kons77/room-bookings-app/internal/forms/forms.go:64.40,66.3 1 1
