mode: set
github.com/kons77/room-bookings-app/internal/handlers/handlers.go:30.62,35.2 1 1
github.com/kons77/room-bookings-app/internal/handlers/handlers.go:38.51,43.2 1 1
github.com/kons77/room-bookings-app/internal/handlers/handlers.go:46.33,48.2 1 1
github.com/kons77/room-bookings-app/internal/handlers/handlers.go:51.67,53.2 1 1
github.com/kons77/room-bookings-app/internal/handlers/handlers.go:56.68,59.2 1 1
github.com/kons77/room-bookings-app/internal/handlers/handlers.go:62.74,65.9 2 1
github.com/kons77/room-bookings-app/internal/handlers/handlers.go:65.9,70.3 3 1
github.com/kons77/room-bookings-app/internal/handlers/handlers.go:72.2,73.16 2 1
github.com/kons77/room-bookings-app/internal/handlers/handlers.go:73.16,77.3 3 1
github.com/kons77/room-bookings-app/internal/handlers/handlers.go:79.2,98.4 10 1
github.com/kons77/room-bookings-app/internal/handlers/handlers.go:102.78,104.9 2 1
github.com/kons77/room-bookings-app/internal/handlers/handlers.go:104.9,109.3 3 1
github.com/kons77/room-bookings-app/internal/handlers/handlers.go:111.2,112.16 2 1
github.com/kons77/room-bookings-app/internal/handlers/handlers.go:112.16,117.3 3 1
github.com/kons77/room-bookings-app/internal/handlers/handlers.go:119.2,130.19 9 1
github.com/kons77/room-bookings-app/internal/handlers/handlers.go:130.19,138.3 4 1
github.com/kons77/room-bookings-app/internal/handlers/handlers.go:140.2,141.16 2 1
github.com/kons77/room-bookings-app/internal/handlers/handlers.go:141.16,146.3 3 1
github.com/kons77/room-bookings-app/internal/handlers/handlers.go:149.2,158.16 3 1
github.com/kons77/room-bookings-app/internal/handlers/handlers.go:158.16,162.3 2 1
github.com/kons77/room-bookings-app/internal/handlers/handlers.go:164.2,166.66 2 1
github.com/kons77/room-bookings-app/internal/handlers/handlers.go:170.71,172.2 1 1
github.com/kons77/room-bookings-app/internal/handlers/handlers.go:175.69,177.2 1 1
github.com/kons77/room-bookings-app/internal/handlers/handlers.go:180.75,182.2 1 1
github.com/kons77/room-bookings-app/internal/handlers/handlers.go:185.79,189.16 2 1
github.com/kons77/room-bookings-app/internal/handlers/handlers.go:189.16,194.3 3 1
github.com/kons77/room-bookings-app/internal/handlers/handlers.go:196.2,200.16 4 1
github.com/kons77/room-bookings-app/internal/handlers/handlers.go:200.16,204.3 3 1
github.com/kons77/room-bookings-app/internal/handlers/handlers.go:206.2,207.16 2 1
github.com/kons77/room-bookings-app/internal/handlers/handlers.go:207.16,212.3 3 1
github.com/kons77/room-bookings-app/internal/handlers/handlers.go:214.2,215.16 2 1
github.com/kons77/room-bookings-app/internal/handlers/handlers.go:215.16,219.3 3 1
github.com/kons77/room-bookings-app/internal/handlers/handlers.go:225.2,225.21 1 1
github.com/kons77/room-bookings-app/internal/handlers/handlers.go:225.21,230.3 3 1
github.com/kons77/room-bookings-app/internal/handlers/handlers.go:232.2,262.4 8 1
github.com/kons77/room-bookings-app/internal/handlers/handlers.go:276.59,285.2 4 1
github.com/kons77/room-bookings-app/internal/handlers/handlers.go:288.79,290.38 1 1
github.com/kons77/room-bookings-app/internal/handlers/handlers.go:290.38,293.3 2 1
github.com/kons77/room-bookings-app/internal/handlers/handlers.go:295.2,299.16 4 1
github.com/kons77/room-bookings-app/internal/handlers/handlers.go:299.16,302.3 2 1
github.com/kons77/room-bookings-app/internal/handlers/handlers.go:304.2,305.16 2 1
github.com/kons77/room-bookings-app/internal/handlers/handlers.go:305.16,308.3 2 1
github.com/kons77/room-bookings-app/internal/handlers/handlers.go:310.2,311.16 2 1
github.com/kons77/room-bookings-app/internal/handlers/handlers.go:311.16,314.3 2 1
github.com/kons77/room-bookings-app/internal/handlers/handlers.go:316.2,317.16 2 1
github.com/kons77/room-bookings-app/internal/handlers/handlers.go:317.16,320.3 2 1
github.com/kons77/room-bookings-app/internal/handlers/handlers.go:323.2,334.14 4 1
github.com/kons77/room-bookings-app/internal/handlers/handlers.go:338.70,340.2 1 1
github.com/kons77/room-bookings-app/internal/handlers/handlers.go:343.81,345.9 2 1
github.com/kons77/room-bookings-app/internal/handlers/handlers.go:345.9,350.3 3 1
github.com/kons77/room-bookings-app/internal/handlers/handlers.go:352.2,367.4 9 1
github.com/kons77/room-bookings-app/internal/handlers/handlers.go:371.73,376.16 3 1
github.com/kons77/room-bookings-app/internal/handlers/handlers.go:376.16,380.3 3 1
github.com/kons77/room-bookings-app/internal/handlers/handlers.go:383.2,384.9 2 1
github.com/kons77/room-bookings-app/internal/handlers/handlers.go:384.9,388.3 3 1
github.com/kons77/room-bookings-app/internal/handlers/handlers.go:390.2,393.63 3 1
github.com/kons77/room-bookings-app/internal/handlers/handlers.go:398.71,418.16 7 1
github.com/kons77/room-bookings-app/internal/handlers/handlers.go:418.16,422.3 3 1
github.com/kons77/room-bookings-app/internal/handlers/handlers.go:424.2,434.63 4 1
github.com/kons77/room-bookings-app/internal/handlers/handlers.go:438.51,442.2 2 1
