mode: set
github.com/kons77/room-bookings-app/internal/handlers/handlers.go:32.62,37.2 1 0
github.com/kons77/room-bookings-app/internal/handlers/handlers.go:40.51,45.2 1 1
github.com/kons77/room-bookings-app/internal/handlers/handlers.go:48.33,50.2 1 1
github.com/kons77/room-bookings-app/internal/handlers/handlers.go:53.67,55.2 1 1
github.com/kons77/room-bookings-app/internal/handlers/handlers.go:58.68,61.2 1 1
github.com/kons77/room-bookings-app/internal/handlers/handlers.go:64.74,67.9 2 1
github.com/kons77/room-bookings-app/internal/handlers/handlers.go:67.9,72.3 3 1
github.com/kons77/room-bookings-app/internal/handlers/handlers.go:74.2,75.16 2 1
github.com/kons77/room-bookings-app/internal/handlers/handlers.go:75.16,79.3 3 1
github.com/kons77/room-bookings-app/internal/handlers/handlers.go:81.2,100.4 10 1
github.com/kons77/room-bookings-app/internal/handlers/handlers.go:104.78,106.9 2 1
github.com/kons77/room-bookings-app/internal/handlers/handlers.go:106.9,111.3 3 1
github.com/kons77/room-bookings-app/internal/handlers/handlers.go:113.2,114.16 2 1
github.com/kons77/room-bookings-app/internal/handlers/handlers.go:114.16,119.3 3 1
github.com/kons77/room-bookings-app/internal/handlers/handlers.go:121.2,132.19 9 1
github.com/kons77/room-bookings-app/internal/handlers/handlers.go:132.19,140.3 4 1
github.com/kons77/room-bookings-app/internal/handlers/handlers.go:142.2,143.16 2 1
github.com/kons77/room-bookings-app/internal/handlers/handlers.go:143.16,148.3 3 1
github.com/kons77/room-bookings-app/internal/handlers/handlers.go:151.2,160.16 3 1
github.com/kons77/room-bookings-app/internal/handlers/handlers.go:160.16,164.3 2 1
github.com/kons77/room-bookings-app/internal/handlers/handlers.go:166.2,168.66 2 1
github.com/kons77/room-bookings-app/internal/handlers/handlers.go:172.71,174.2 1 1
github.com/kons77/room-bookings-app/internal/handlers/handlers.go:177.69,179.2 1 1
github.com/kons77/room-bookings-app/internal/handlers/handlers.go:182.75,184.2 1 1
github.com/kons77/room-bookings-app/internal/handlers/handlers.go:187.79,192.16 4 0
github.com/kons77/room-bookings-app/internal/handlers/handlers.go:192.16,197.3 3 0
github.com/kons77/room-bookings-app/internal/handlers/handlers.go:198.2,199.16 2 0
github.com/kons77/room-bookings-app/internal/handlers/handlers.go:199.16,204.3 3 0
github.com/kons77/room-bookings-app/internal/handlers/handlers.go:206.2,207.16 2 0
github.com/kons77/room-bookings-app/internal/handlers/handlers.go:207.16,210.3 2 0
github.com/kons77/room-bookings-app/internal/handlers/handlers.go:212.2,212.26 1 0
github.com/kons77/room-bookings-app/internal/handlers/handlers.go:212.26,214.3 1 0
github.com/kons77/room-bookings-app/internal/handlers/handlers.go:216.2,216.21 1 0
github.com/kons77/room-bookings-app/internal/handlers/handlers.go:216.21,222.3 3 0
github.com/kons77/room-bookings-app/internal/handlers/handlers.go:224.2,254.4 8 0
github.com/kons77/room-bookings-app/internal/handlers/handlers.go:268.79,271.16 2 1
github.com/kons77/room-bookings-app/internal/handlers/handlers.go:271.16,282.3 5 1
github.com/kons77/room-bookings-app/internal/handlers/handlers.go:284.2,288.16 4 1
github.com/kons77/room-bookings-app/internal/handlers/handlers.go:288.16,292.3 3 1
github.com/kons77/room-bookings-app/internal/handlers/handlers.go:294.2,295.16 2 1
github.com/kons77/room-bookings-app/internal/handlers/handlers.go:295.16,299.3 3 1
github.com/kons77/room-bookings-app/internal/handlers/handlers.go:301.2,302.16 2 1
github.com/kons77/room-bookings-app/internal/handlers/handlers.go:302.16,306.3 3 1
github.com/kons77/room-bookings-app/internal/handlers/handlers.go:308.2,309.16 2 1
github.com/kons77/room-bookings-app/internal/handlers/handlers.go:309.16,319.3 5 0
github.com/kons77/room-bookings-app/internal/handlers/handlers.go:321.2,334.14 4 1
github.com/kons77/room-bookings-app/internal/handlers/handlers.go:338.70,340.2 1 1
github.com/kons77/room-bookings-app/internal/handlers/handlers.go:343.81,345.9 2 0
github.com/kons77/room-bookings-app/internal/handlers/handlers.go:345.9,350.3 4 0
github.com/kons77/room-bookings-app/internal/handlers/handlers.go:352.2,367.4 9 0
github.com/kons77/room-bookings-app/internal/handlers/handlers.go:371.73,376.16 3 0
github.com/kons77/room-bookings-app/internal/handlers/handlers.go:376.16,380.3 3 0
github.com/kons77/room-bookings-app/internal/handlers/handlers.go:385.2,386.9 2 0
github.com/kons77/room-bookings-app/internal/handlers/handlers.go:386.9,389.3 2 0
github.com/kons77/room-bookings-app/internal/handlers/handlers.go:391.2,394.63 3 0
github.com/kons77/room-bookings-app/internal/handlers/handlers.go:399.71,405.16 5 0
github.com/kons77/room-bookings-app/internal/handlers/handlers.go:405.16,408.3 2 0
github.com/kons77/room-bookings-app/internal/handlers/handlers.go:410.2,411.16 2 0
github.com/kons77/room-bookings-app/internal/handlers/handlers.go:411.16,414.3 2 0
github.com/kons77/room-bookings-app/internal/handlers/handlers.go:416.2,417.16 2 0
github.com/kons77/room-bookings-app/internal/handlers/handlers.go:417.16,420.3 2 0
github.com/kons77/room-bookings-app/internal/handlers/handlers.go:422.2,432.63 4 0
github.com/kons77/room-bookings-app/internal/handlers/handlers.go:436.51,440.2 2 1
